2025-08-09 20:51:23,010 - INFO - æ•°æ®åº“åˆå§‹åŒ–å®Œæˆ
2025-08-09 20:51:23,013 - INFO - Adding job tentatively -- it will be properly scheduled when the scheduler starts
2025-08-09 20:51:23,014 - INFO - Added job "MNAVTracker.update_prices_and_mnav" to job store "default"
2025-08-09 20:51:23,014 - INFO - Scheduler started
2025-08-09 20:51:23,014 - INFO - å¼€å§‹æ›´æ–°ä»·æ ¼å’Œ mNAV æ•°æ®...
2025-08-09 20:51:23,014 - INFO - æ­£åœ¨ä» Finnhub è·å– SBET ä»·æ ¼...
2025-08-09 20:51:24,348 - INFO - âœ“ ä» Finnhub è·å– SBET ä»·æ ¼æˆåŠŸ: $23.9200
2025-08-09 20:51:24,348 - INFO -   ä»·æ ¼å˜åŒ–: $0.5600 (2.40%)
2025-08-09 20:51:26,353 - INFO - æ­£åœ¨ä» Finnhub è·å– BMNR ä»·æ ¼...
2025-08-09 20:51:26,803 - INFO - âœ“ ä» Finnhub è·å– BMNR ä»·æ ¼æˆåŠŸ: $51.4300
2025-08-09 20:51:26,803 - INFO -   ä»·æ ¼å˜åŒ–: $10.1500 (24.59%)
2025-08-09 20:51:29,894 - INFO - ä» CoinGecko è·å– ETH ä»·æ ¼æˆåŠŸ: $4196.05
2025-08-09 20:51:29,895 - INFO - 24å°æ—¶å˜åŒ–: 7.58%
2025-08-09 20:51:29,895 - INFO - å¸‚å€¼: $506,432,097,066
2025-08-09 20:51:29,895 - INFO - 24å°æ—¶æˆäº¤é‡: $43,437,820,830
2025-08-09 20:51:29,904 - INFO - æ›´æ–°äº† 2025-08-09 çš„å†å²æ•°æ®
2025-08-09 20:51:29,907 - INFO - ä»·æ ¼å’Œ mNAV æ•°æ®æ›´æ–°å®Œæˆ
2025-08-09 20:51:29,941 - WARNING -  * Debugger is active!
2025-08-09 20:51:29,949 - INFO -  * Debugger PIN: 583-003-439
2025-08-09 20:51:49,067 - INFO -  * Detected change in '/Users/charlotte/Documents/Code/sbet bmnr website/app.py', reloading
2025-08-09 20:51:49,071 - INFO - Scheduler has been shut down
2025-08-09 20:51:49,367 - INFO - æ•°æ®åº“åˆå§‹åŒ–å®Œæˆ
2025-08-09 20:51:49,369 - INFO - Adding job tentatively -- it will be properly scheduled when the scheduler starts
2025-08-09 20:51:49,369 - INFO - Added job "MNAVTracker.update_prices_and_mnav" to job store "default"
2025-08-09 20:51:49,369 - INFO - Scheduler started
2025-08-09 20:51:49,370 - INFO - å¼€å§‹æ›´æ–°ä»·æ ¼å’Œ mNAV æ•°æ®...
2025-08-09 20:51:49,370 - INFO - æ­£åœ¨ä» Finnhub è·å– SBET ä»·æ ¼...
2025-08-09 20:51:50,208 - INFO - âœ“ ä» Finnhub è·å– SBET ä»·æ ¼æˆåŠŸ: $23.9200
2025-08-09 20:51:50,208 - INFO -   ä»·æ ¼å˜åŒ–: $0.5600 (2.40%)
2025-08-09 20:51:52,214 - INFO - æ­£åœ¨ä» Finnhub è·å– BMNR ä»·æ ¼...
2025-08-09 20:51:52,626 - INFO - âœ“ ä» Finnhub è·å– BMNR ä»·æ ¼æˆåŠŸ: $51.4300
2025-08-09 20:51:52,626 - INFO -   ä»·æ ¼å˜åŒ–: $10.1500 (24.59%)
2025-08-09 20:51:55,691 - INFO - ä» CoinGecko è·å– ETH ä»·æ ¼æˆåŠŸ: $4196.05
2025-08-09 20:51:55,691 - INFO - 24å°æ—¶å˜åŒ–: 7.58%
2025-08-09 20:51:55,691 - INFO - å¸‚å€¼: $506,432,097,066
2025-08-09 20:51:55,691 - INFO - 24å°æ—¶æˆäº¤é‡: $43,437,820,830
2025-08-09 20:51:55,695 - ERROR - æ›´æ–°å†å²æ•°æ®CSVæ–‡ä»¶æ—¶å‡ºé”™: name 'pd' is not defined
2025-08-09 20:51:55,696 - INFO - ä»·æ ¼å’Œ mNAV æ•°æ®æ›´æ–°å®Œæˆ
2025-08-09 20:51:55,730 - WARNING -  * Debugger is active!
2025-08-09 20:51:55,739 - INFO -  * Debugger PIN: 583-003-439
2025-08-09 20:51:55,746 - INFO - 127.0.0.1 - - [09/Aug/2025 20:51:55] "GET /api/data HTTP/1.1" 200 -
2025-08-09 21:06:51,713 - INFO - 127.0.0.1 - - [09/Aug/2025 21:06:51] "GET /api/data HTTP/1.1" 200 -
2025-08-09 21:06:55,963 - INFO - å¼€å§‹æ›´æ–°ä»·æ ¼å’Œ mNAV æ•°æ®...
2025-08-09 21:06:55,963 - INFO - æ­£åœ¨ä» Finnhub è·å– SBET ä»·æ ¼...
2025-08-09 21:06:56,794 - INFO - âœ“ ä» Finnhub è·å– SBET ä»·æ ¼æˆåŠŸ: $23.9200
2025-08-09 21:06:56,794 - INFO -   ä»·æ ¼å˜åŒ–: $0.5600 (2.40%)
2025-08-09 21:06:58,799 - INFO - æ­£åœ¨ä» Finnhub è·å– BMNR ä»·æ ¼...
2025-08-09 21:06:59,176 - INFO - âœ“ ä» Finnhub è·å– BMNR ä»·æ ¼æˆåŠŸ: $51.4300
2025-08-09 21:06:59,176 - INFO -   ä»·æ ¼å˜åŒ–: $10.1500 (24.59%)
2025-08-09 21:07:01,845 - INFO - ä» CoinGecko è·å– ETH ä»·æ ¼æˆåŠŸ: $4196.56
2025-08-09 21:07:01,846 - INFO - 24å°æ—¶å˜åŒ–: 7.73%
2025-08-09 21:07:01,846 - INFO - å¸‚å€¼: $506,543,245,319
2025-08-09 21:07:01,846 - INFO - 24å°æ—¶æˆäº¤é‡: $43,442,328,269
2025-08-09 21:07:01,849 - ERROR - æ›´æ–°å†å²æ•°æ®CSVæ–‡ä»¶æ—¶å‡ºé”™: name 'pd' is not defined
2025-08-09 21:07:01,850 - INFO - ä»·æ ¼å’Œ mNAV æ•°æ®æ›´æ–°å®Œæˆ
2025-08-09 21:07:01,850 - INFO - 127.0.0.1 - - [09/Aug/2025 21:07:01] "POST /api/manual_update HTTP/1.1" 200 -
2025-08-09 21:07:01,864 - INFO - 127.0.0.1 - - [09/Aug/2025 21:07:01] "GET /api/data HTTP/1.1" 200 -
2025-08-09 21:08:19,651 - INFO -  * Detected change in '/Users/charlotte/Documents/Code/sbet bmnr website/app.py', reloading
2025-08-09 21:08:19,654 - INFO - Scheduler has been shut down
2025-08-09 21:08:19,984 - INFO - æ•°æ®åº“åˆå§‹åŒ–å®Œæˆ
2025-08-09 21:08:19,988 - INFO - Adding job tentatively -- it will be properly scheduled when the scheduler starts
2025-08-09 21:08:19,988 - INFO - Added job "MNAVTracker.update_prices_and_mnav" to job store "default"
2025-08-09 21:08:19,988 - INFO - Scheduler started
2025-08-09 21:08:19,989 - INFO - å¼€å§‹æ›´æ–°ä»·æ ¼å’Œ mNAV æ•°æ®...
2025-08-09 21:08:19,989 - INFO - æ­£åœ¨ä» Finnhub è·å– SBET ä»·æ ¼...
2025-08-09 21:08:20,742 - INFO - âœ“ ä» Finnhub è·å– SBET ä»·æ ¼æˆåŠŸ: $23.9200
2025-08-09 21:08:20,742 - INFO -   ä»·æ ¼å˜åŒ–: $0.5600 (2.40%)
2025-08-09 21:08:22,747 - INFO - æ­£åœ¨ä» Finnhub è·å– BMNR ä»·æ ¼...
2025-08-09 21:08:23,303 - INFO - âœ“ ä» Finnhub è·å– BMNR ä»·æ ¼æˆåŠŸ: $51.4300
2025-08-09 21:08:23,303 - INFO -   ä»·æ ¼å˜åŒ–: $10.1500 (24.59%)
2025-08-09 21:08:25,956 - INFO - ä» CoinGecko è·å– ETH ä»·æ ¼æˆåŠŸ: $4195.08
2025-08-09 21:08:25,957 - INFO - 24å°æ—¶å˜åŒ–: 7.67%
2025-08-09 21:08:25,957 - INFO - å¸‚å€¼: $506,543,245,319
2025-08-09 21:08:25,957 - INFO - 24å°æ—¶æˆäº¤é‡: $43,368,353,597
2025-08-09 21:08:25,960 - ERROR - æ›´æ–°å†å²æ•°æ®CSVæ–‡ä»¶æ—¶å‡ºé”™: name 'pd' is not defined
2025-08-09 21:08:25,960 - INFO - ä»·æ ¼å’Œ mNAV æ•°æ®æ›´æ–°å®Œæˆ
2025-08-09 21:08:26,037 - WARNING -  * Debugger is active!
2025-08-09 21:08:26,047 - INFO -  * Debugger PIN: 583-003-439
2025-08-09 21:08:48,186 - INFO -  * Detected change in '/Users/charlotte/Documents/Code/sbet bmnr website/app.py', reloading
2025-08-09 21:08:48,195 - INFO - Scheduler has been shut down
2025-08-09 21:08:48,468 - INFO - æ•°æ®åº“åˆå§‹åŒ–å®Œæˆ
2025-08-09 21:08:48,471 - INFO - Adding job tentatively -- it will be properly scheduled when the scheduler starts
2025-08-09 21:08:48,471 - INFO - Added job "MNAVTracker.update_prices_and_mnav" to job store "default"
2025-08-09 21:08:48,471 - INFO - Scheduler started
2025-08-09 21:08:48,472 - INFO - å¼€å§‹æ›´æ–°ä»·æ ¼å’Œ mNAV æ•°æ®...
2025-08-09 21:08:48,472 - INFO - æ­£åœ¨ä» Finnhub è·å– SBET ä»·æ ¼...
2025-08-09 21:08:49,234 - INFO - âœ“ ä» Finnhub è·å– SBET ä»·æ ¼æˆåŠŸ: $23.9200
2025-08-09 21:08:49,234 - INFO -   ä»·æ ¼å˜åŒ–: $0.5600 (2.40%)
2025-08-09 21:08:51,239 - INFO - æ­£åœ¨ä» Finnhub è·å– BMNR ä»·æ ¼...
2025-08-09 21:08:51,813 - INFO - âœ“ ä» Finnhub è·å– BMNR ä»·æ ¼æˆåŠŸ: $51.4300
2025-08-09 21:08:51,813 - INFO -   ä»·æ ¼å˜åŒ–: $10.1500 (24.59%)
2025-08-09 21:08:54,870 - INFO - ä» CoinGecko è·å– ETH ä»·æ ¼æˆåŠŸ: $4195.08
2025-08-09 21:08:54,870 - INFO - 24å°æ—¶å˜åŒ–: 7.67%
2025-08-09 21:08:54,870 - INFO - å¸‚å€¼: $506,543,245,319
2025-08-09 21:08:54,870 - INFO - 24å°æ—¶æˆäº¤é‡: $43,368,353,597
2025-08-09 21:08:54,874 - ERROR - æ›´æ–°å†å²æ•°æ®CSVæ–‡ä»¶æ—¶å‡ºé”™: name 'pd' is not defined
2025-08-09 21:08:54,874 - INFO - ä»·æ ¼å’Œ mNAV æ•°æ®æ›´æ–°å®Œæˆ
2025-08-09 21:08:54,911 - WARNING -  * Debugger is active!
2025-08-09 21:08:54,921 - INFO -  * Debugger PIN: 583-003-439
2025-08-09 21:09:03,964 - INFO -  * Detected change in '/Users/charlotte/Documents/Code/sbet bmnr website/app.py', reloading
2025-08-09 21:09:03,966 - INFO - Scheduler has been shut down
2025-08-09 21:09:04,213 - INFO - æ•°æ®åº“åˆå§‹åŒ–å®Œæˆ
2025-08-09 21:09:04,216 - INFO - Adding job tentatively -- it will be properly scheduled when the scheduler starts
2025-08-09 21:09:04,216 - INFO - Added job "MNAVTracker.update_prices_and_mnav" to job store "default"
2025-08-09 21:09:04,216 - INFO - Scheduler started
2025-08-09 21:09:04,217 - INFO - å¼€å§‹æ›´æ–°ä»·æ ¼å’Œ mNAV æ•°æ®...
2025-08-09 21:09:04,217 - INFO - æ­£åœ¨ä» Finnhub è·å– SBET ä»·æ ¼...
2025-08-09 21:09:04,995 - INFO - âœ“ ä» Finnhub è·å– SBET ä»·æ ¼æˆåŠŸ: $23.9200
2025-08-09 21:09:04,995 - INFO -   ä»·æ ¼å˜åŒ–: $0.5600 (2.40%)
2025-08-09 21:09:07,000 - INFO - æ­£åœ¨ä» Finnhub è·å– BMNR ä»·æ ¼...
2025-08-09 21:09:07,380 - INFO - âœ“ ä» Finnhub è·å– BMNR ä»·æ ¼æˆåŠŸ: $51.4300
2025-08-09 21:09:07,380 - INFO -   ä»·æ ¼å˜åŒ–: $10.1500 (24.59%)
2025-08-09 21:09:09,796 - INFO - ä» CoinGecko è·å– ETH ä»·æ ¼æˆåŠŸ: $4195.08
2025-08-09 21:09:09,796 - INFO - 24å°æ—¶å˜åŒ–: 7.67%
2025-08-09 21:09:09,796 - INFO - å¸‚å€¼: $506,543,245,319
2025-08-09 21:09:09,796 - INFO - 24å°æ—¶æˆäº¤é‡: $43,368,353,597
2025-08-09 21:09:09,799 - ERROR - æ›´æ–°å†å²æ•°æ®CSVæ–‡ä»¶æ—¶å‡ºé”™: name 'pd' is not defined
2025-08-09 21:09:09,799 - INFO - ä»·æ ¼å’Œ mNAV æ•°æ®æ›´æ–°å®Œæˆ
2025-08-09 21:09:09,832 - WARNING -  * Debugger is active!
2025-08-09 21:09:09,844 - INFO -  * Debugger PIN: 583-003-439
2025-08-09 21:09:27,943 - INFO -  * Detected change in '/Users/charlotte/Documents/Code/sbet bmnr website/app.py', reloading
2025-08-09 21:09:27,949 - INFO - Scheduler has been shut down
2025-08-09 21:09:28,929 - INFO - æ•°æ®åº“åˆå§‹åŒ–å®Œæˆ
2025-08-09 21:09:28,932 - INFO - Adding job tentatively -- it will be properly scheduled when the scheduler starts
2025-08-09 21:09:28,933 - INFO - Added job "MNAVTracker.update_prices_and_mnav" to job store "default"
2025-08-09 21:09:28,933 - INFO - Scheduler started
2025-08-09 21:09:28,933 - INFO - å¼€å§‹æ›´æ–°ä»·æ ¼å’Œ mNAV æ•°æ®...
2025-08-09 21:09:28,933 - INFO - æ­£åœ¨ä» Finnhub è·å– SBET ä»·æ ¼...
2025-08-09 21:09:29,994 - INFO - âœ“ ä» Finnhub è·å– SBET ä»·æ ¼æˆåŠŸ: $23.9200
2025-08-09 21:09:29,994 - INFO -   ä»·æ ¼å˜åŒ–: $0.5600 (2.40%)
2025-08-09 21:09:32,000 - INFO - æ­£åœ¨ä» Finnhub è·å– BMNR ä»·æ ¼...
2025-08-09 21:09:32,388 - INFO - âœ“ ä» Finnhub è·å– BMNR ä»·æ ¼æˆåŠŸ: $51.4300
2025-08-09 21:09:32,388 - INFO -   ä»·æ ¼å˜åŒ–: $10.1500 (24.59%)
2025-08-09 21:09:35,058 - INFO - ä» CoinGecko è·å– ETH ä»·æ ¼æˆåŠŸ: $4193.64
2025-08-09 21:09:35,059 - INFO - 24å°æ—¶å˜åŒ–: 7.63%
2025-08-09 21:09:35,059 - INFO - å¸‚å€¼: $506,543,245,319
2025-08-09 21:09:35,059 - INFO - 24å°æ—¶æˆäº¤é‡: $43,382,237,251
2025-08-09 21:09:35,062 - ERROR - æ›´æ–°å†å²æ•°æ®CSVæ–‡ä»¶æ—¶å‡ºé”™: name 'pd' is not defined
2025-08-09 21:09:35,062 - INFO - ä»·æ ¼å’Œ mNAV æ•°æ®æ›´æ–°å®Œæˆ
2025-08-09 21:09:35,099 - WARNING -  * Debugger is active!
2025-08-09 21:09:35,111 - INFO -  * Debugger PIN: 583-003-439
2025-08-09 21:10:29,788 - INFO - 127.0.0.1 - - [09/Aug/2025 21:10:29] "GET /api/data HTTP/1.1" 200 -
2025-08-09 21:15:29,782 - INFO - 127.0.0.1 - - [09/Aug/2025 21:15:29] "GET /api/data HTTP/1.1" 200 -
2025-08-09 21:18:53,254 - INFO - 127.0.0.1 - - [09/Aug/2025 21:18:53] "GET /api/data HTTP/1.1" 200 -
2025-08-09 21:22:30,814 - INFO - 127.0.0.1 - - [09/Aug/2025 21:22:30] "GET /api/data HTTP/1.1" 200 -
2025-08-09 21:22:31,541 - INFO - å¼€å§‹æ›´æ–°ä»·æ ¼å’Œ mNAV æ•°æ®...
2025-08-09 21:22:31,541 - INFO - æ­£åœ¨ä» Finnhub è·å– SBET ä»·æ ¼...
2025-08-09 21:22:32,318 - INFO - âœ“ ä» Finnhub è·å– SBET ä»·æ ¼æˆåŠŸ: $23.9200
2025-08-09 21:22:32,318 - INFO -   ä»·æ ¼å˜åŒ–: $0.5600 (2.40%)
2025-08-09 21:22:34,322 - INFO - æ­£åœ¨ä» Finnhub è·å– BMNR ä»·æ ¼...
2025-08-09 21:22:34,694 - INFO - âœ“ ä» Finnhub è·å– BMNR ä»·æ ¼æˆåŠŸ: $51.4300
2025-08-09 21:22:34,694 - INFO -   ä»·æ ¼å˜åŒ–: $10.1500 (24.59%)
2025-08-09 21:22:37,333 - INFO - ä» CoinGecko è·å– ETH ä»·æ ¼æˆåŠŸ: $4183.09
2025-08-09 21:22:37,334 - INFO - 24å°æ—¶å˜åŒ–: 7.23%
2025-08-09 21:22:37,334 - INFO - å¸‚å€¼: $504,918,384,481
2025-08-09 21:22:37,334 - INFO - 24å°æ—¶æˆäº¤é‡: $43,560,353,276
2025-08-09 21:22:37,340 - ERROR - æ›´æ–°å†å²æ•°æ®CSVæ–‡ä»¶æ—¶å‡ºé”™: name 'pd' is not defined
2025-08-09 21:22:37,341 - INFO - ä»·æ ¼å’Œ mNAV æ•°æ®æ›´æ–°å®Œæˆ
2025-08-09 21:22:37,341 - INFO - 127.0.0.1 - - [09/Aug/2025 21:22:37] "POST /api/manual_update HTTP/1.1" 200 -
2025-08-09 21:22:37,356 - INFO - 127.0.0.1 - - [09/Aug/2025 21:22:37] "GET /api/data HTTP/1.1" 200 -
2025-08-09 21:23:45,842 - INFO - æ•°æ®åº“åˆå§‹åŒ–å®Œæˆ
2025-08-09 21:23:45,844 - INFO - Adding job tentatively -- it will be properly scheduled when the scheduler starts
2025-08-09 21:23:45,845 - INFO - Added job "MNAVTracker.update_prices_and_mnav" to job store "default"
2025-08-09 21:23:45,845 - INFO - Scheduler started
2025-08-09 21:23:45,845 - INFO - å¼€å§‹æ›´æ–°ä»·æ ¼å’Œ mNAV æ•°æ®...
2025-08-09 21:23:45,845 - INFO - æ­£åœ¨ä» Finnhub è·å– SBET ä»·æ ¼...
2025-08-09 21:23:46,597 - INFO - âœ“ ä» Finnhub è·å– SBET ä»·æ ¼æˆåŠŸ: $23.9200
2025-08-09 21:23:46,597 - INFO -   ä»·æ ¼å˜åŒ–: $0.5600 (2.40%)
2025-08-09 21:23:48,602 - INFO - æ­£åœ¨ä» Finnhub è·å– BMNR ä»·æ ¼...
2025-08-09 21:23:49,001 - INFO - âœ“ ä» Finnhub è·å– BMNR ä»·æ ¼æˆåŠŸ: $51.4300
2025-08-09 21:23:49,001 - INFO -   ä»·æ ¼å˜åŒ–: $10.1500 (24.59%)
2025-08-09 21:23:51,693 - INFO - ä» CoinGecko è·å– ETH ä»·æ ¼æˆåŠŸ: $4183.34
2025-08-09 21:23:51,693 - INFO - 24å°æ—¶å˜åŒ–: 7.24%
2025-08-09 21:23:51,693 - INFO - å¸‚å€¼: $504,918,384,481
2025-08-09 21:23:51,693 - INFO - 24å°æ—¶æˆäº¤é‡: $43,367,888,541
2025-08-09 21:23:51,695 - ERROR - æ›´æ–°å†å²æ•°æ®CSVæ–‡ä»¶æ—¶å‡ºé”™: name 'pd' is not defined
2025-08-09 21:23:51,695 - INFO - ä»·æ ¼å’Œ mNAV æ•°æ®æ›´æ–°å®Œæˆ
2025-08-09 21:23:51,729 - INFO - [31m[1mWARNING: This is a development server. Do not use it in a production deployment. Use a production WSGI server instead.[0m
 * Running on all addresses (0.0.0.0)
 * Running on http://127.0.0.1:5001
 * Running on http://198.18.0.1:5001
2025-08-09 21:23:51,729 - INFO - [33mPress CTRL+C to quit[0m
2025-08-09 21:23:51,730 - INFO -  * Restarting with stat
2025-08-09 21:23:51,855 - INFO - æ•°æ®åº“åˆå§‹åŒ–å®Œæˆ
2025-08-09 21:23:51,857 - INFO - Adding job tentatively -- it will be properly scheduled when the scheduler starts
2025-08-09 21:23:51,857 - INFO - Added job "MNAVTracker.update_prices_and_mnav" to job store "default"
2025-08-09 21:23:51,857 - INFO - Scheduler started
2025-08-09 21:23:51,857 - INFO - å¼€å§‹æ›´æ–°ä»·æ ¼å’Œ mNAV æ•°æ®...
2025-08-09 21:23:51,858 - INFO - æ­£åœ¨ä» Finnhub è·å– SBET ä»·æ ¼...
2025-08-09 21:23:52,715 - INFO - âœ“ ä» Finnhub è·å– SBET ä»·æ ¼æˆåŠŸ: $23.9200
2025-08-09 21:23:52,715 - INFO -   ä»·æ ¼å˜åŒ–: $0.5600 (2.40%)
2025-08-09 21:23:54,720 - INFO - æ­£åœ¨ä» Finnhub è·å– BMNR ä»·æ ¼...
2025-08-09 21:23:55,071 - INFO - âœ“ ä» Finnhub è·å– BMNR ä»·æ ¼æˆåŠŸ: $51.4300
2025-08-09 21:23:55,072 - INFO -   ä»·æ ¼å˜åŒ–: $10.1500 (24.59%)
2025-08-09 21:23:57,534 - INFO - ä» CoinGecko è·å– ETH ä»·æ ¼æˆåŠŸ: $4183.34
2025-08-09 21:23:57,534 - INFO - 24å°æ—¶å˜åŒ–: 7.24%
2025-08-09 21:23:57,534 - INFO - å¸‚å€¼: $504,918,384,481
2025-08-09 21:23:57,534 - INFO - 24å°æ—¶æˆäº¤é‡: $43,367,888,541
2025-08-09 21:23:57,539 - ERROR - æ›´æ–°å†å²æ•°æ®CSVæ–‡ä»¶æ—¶å‡ºé”™: name 'pd' is not defined
2025-08-09 21:23:57,539 - INFO - ä»·æ ¼å’Œ mNAV æ•°æ®æ›´æ–°å®Œæˆ
2025-08-09 21:23:57,565 - WARNING -  * Debugger is active!
2025-08-09 21:23:57,573 - INFO -  * Debugger PIN: 583-003-439
2025-08-09 21:24:07,931 - INFO - 127.0.0.1 - - [09/Aug/2025 21:24:07] "GET / HTTP/1.1" 200 -
2025-08-09 21:24:07,974 - INFO - 127.0.0.1 - - [09/Aug/2025 21:24:07] "GET /static/js/main.js HTTP/1.1" 200 -
2025-08-09 21:24:07,974 - INFO - 127.0.0.1 - - [09/Aug/2025 21:24:07] "GET /static/css/style.css HTTP/1.1" 200 -
2025-08-09 21:24:09,859 - INFO - 127.0.0.1 - - [09/Aug/2025 21:24:09] "GET /api/data HTTP/1.1" 200 -
2025-08-09 21:28:27,105 - INFO - 127.0.0.1 - - [09/Aug/2025 21:28:27] "GET /api/data HTTP/1.1" 200 -
2025-08-09 21:28:28,615 - INFO - å¼€å§‹æ›´æ–°ä»·æ ¼å’Œ mNAV æ•°æ®...
2025-08-09 21:28:28,615 - INFO - æ­£åœ¨ä» Finnhub è·å– SBET ä»·æ ¼...
2025-08-09 21:28:28,626 - ERROR - Finnhub API è¯·æ±‚å¤±è´¥: HTTPSConnectionPool(host='finnhub.io', port=443): Max retries exceeded with url: /api/v1/quote?symbol=SBET&token=d2bjrs9r01qrj4im3kkgd2bjrs9r01qrj4im3kl0 (Caused by ProxyError('Unable to connect to proxy', NewConnectionError('<urllib3.connection.HTTPSConnection object at 0x1029e5e20>: Failed to establish a new connection: [Errno 61] Connection refused')))
2025-08-09 21:28:30,631 - INFO - æ­£åœ¨ä» Finnhub è·å– BMNR ä»·æ ¼...
2025-08-09 21:28:30,635 - ERROR - Finnhub API è¯·æ±‚å¤±è´¥: HTTPSConnectionPool(host='finnhub.io', port=443): Max retries exceeded with url: /api/v1/quote?symbol=BMNR&token=d2bjrs9r01qrj4im3kkgd2bjrs9r01qrj4im3kl0 (Caused by ProxyError('Unable to connect to proxy', NewConnectionError('<urllib3.connection.HTTPSConnection object at 0x1029e6330>: Failed to establish a new connection: [Errno 61] Connection refused')))
2025-08-09 21:28:32,648 - ERROR - CoinGecko API è¯·æ±‚å¤±è´¥: HTTPSConnectionPool(host='api.coingecko.com', port=443): Max retries exceeded with url: /api/v3/simple/price?ids=ethereum&vs_currencies=usd&include_24hr_change=true&include_24hr_vol=true&include_market_cap=true (Caused by ProxyError('Unable to connect to proxy', NewConnectionError('<urllib3.connection.HTTPSConnection object at 0x1029e6180>: Failed to establish a new connection: [Errno 61] Connection refused')))
2025-08-09 21:28:32,653 - ERROR - æ›´æ–°å†å²æ•°æ®CSVæ–‡ä»¶æ—¶å‡ºé”™: name 'pd' is not defined
2025-08-09 21:28:32,653 - INFO - ä»·æ ¼å’Œ mNAV æ•°æ®æ›´æ–°å®Œæˆ
2025-08-09 21:28:32,654 - INFO - 127.0.0.1 - - [09/Aug/2025 21:28:32] "POST /api/manual_update HTTP/1.1" 200 -
2025-08-09 21:28:32,664 - INFO - 127.0.0.1 - - [09/Aug/2025 21:28:32] "GET /api/data HTTP/1.1" 200 -
2025-08-09 21:28:39,641 - INFO - å¼€å§‹æ›´æ–°ä»·æ ¼å’Œ mNAV æ•°æ®...
2025-08-09 21:28:39,641 - INFO - æ­£åœ¨ä» Finnhub è·å– SBET ä»·æ ¼...
2025-08-09 21:28:39,643 - ERROR - Finnhub API è¯·æ±‚å¤±è´¥: HTTPSConnectionPool(host='finnhub.io', port=443): Max retries exceeded with url: /api/v1/quote?symbol=SBET&token=d2bjrs9r01qrj4im3kkgd2bjrs9r01qrj4im3kl0 (Caused by ProxyError('Unable to connect to proxy', NewConnectionError('<urllib3.connection.HTTPSConnection object at 0x102ad8d40>: Failed to establish a new connection: [Errno 61] Connection refused')))
2025-08-09 21:28:41,649 - INFO - æ­£åœ¨ä» Finnhub è·å– BMNR ä»·æ ¼...
2025-08-09 21:28:41,654 - ERROR - Finnhub API è¯·æ±‚å¤±è´¥: HTTPSConnectionPool(host='finnhub.io', port=443): Max retries exceeded with url: /api/v1/quote?symbol=BMNR&token=d2bjrs9r01qrj4im3kkgd2bjrs9r01qrj4im3kl0 (Caused by ProxyError('Unable to connect to proxy', NewConnectionError('<urllib3.connection.HTTPSConnection object at 0x102ad89b0>: Failed to establish a new connection: [Errno 61] Connection refused')))
2025-08-09 21:28:43,659 - ERROR - CoinGecko API è¯·æ±‚å¤±è´¥: HTTPSConnectionPool(host='api.coingecko.com', port=443): Max retries exceeded with url: /api/v3/simple/price?ids=ethereum&vs_currencies=usd&include_24hr_change=true&include_24hr_vol=true&include_market_cap=true (Caused by ProxyError('Unable to connect to proxy', NewConnectionError('<urllib3.connection.HTTPSConnection object at 0x102294500>: Failed to establish a new connection: [Errno 61] Connection refused')))
2025-08-09 21:28:43,662 - ERROR - æ›´æ–°å†å²æ•°æ®CSVæ–‡ä»¶æ—¶å‡ºé”™: name 'pd' is not defined
2025-08-09 21:28:43,662 - INFO - ä»·æ ¼å’Œ mNAV æ•°æ®æ›´æ–°å®Œæˆ
2025-08-09 21:28:43,662 - INFO - 127.0.0.1 - - [09/Aug/2025 21:28:43] "POST /api/manual_update HTTP/1.1" 200 -
2025-08-09 21:28:43,673 - INFO - 127.0.0.1 - - [09/Aug/2025 21:28:43] "GET /api/data HTTP/1.1" 200 -
2025-08-09 21:28:58,922 - INFO - 127.0.0.1 - - [09/Aug/2025 21:28:58] "GET /api/data HTTP/1.1" 200 -
2025-08-09 21:29:10,934 - INFO - 127.0.0.1 - - [09/Aug/2025 21:29:10] "GET / HTTP/1.1" 200 -
2025-08-09 21:29:10,951 - INFO - 127.0.0.1 - - [09/Aug/2025 21:29:10] "[36mGET /static/css/style.css HTTP/1.1[0m" 304 -
2025-08-09 21:29:10,954 - INFO - 127.0.0.1 - - [09/Aug/2025 21:29:10] "[36mGET /static/js/main.js HTTP/1.1[0m" 304 -
2025-08-09 21:29:11,570 - INFO - 127.0.0.1 - - [09/Aug/2025 21:29:11] "GET /api/data HTTP/1.1" 200 -
2025-08-09 21:29:13,812 - INFO - å¼€å§‹æ›´æ–°ä»·æ ¼å’Œ mNAV æ•°æ®...
2025-08-09 21:29:13,813 - INFO - æ­£åœ¨ä» Finnhub è·å– SBET ä»·æ ¼...
2025-08-09 21:29:14,617 - INFO - âœ“ ä» Finnhub è·å– SBET ä»·æ ¼æˆåŠŸ: $23.9200
2025-08-09 21:29:14,618 - INFO -   ä»·æ ¼å˜åŒ–: $0.5600 (2.40%)
2025-08-09 21:29:16,623 - INFO - æ­£åœ¨ä» Finnhub è·å– BMNR ä»·æ ¼...
2025-08-09 21:29:16,984 - INFO - âœ“ ä» Finnhub è·å– BMNR ä»·æ ¼æˆåŠŸ: $51.4300
2025-08-09 21:29:16,984 - INFO -   ä»·æ ¼å˜åŒ–: $10.1500 (24.59%)
2025-08-09 21:29:19,460 - INFO - ä» CoinGecko è·å– ETH ä»·æ ¼æˆåŠŸ: $4187.26
2025-08-09 21:29:19,460 - INFO - 24å°æ—¶å˜åŒ–: 7.06%
2025-08-09 21:29:19,461 - INFO - å¸‚å€¼: $505,422,482,528
2025-08-09 21:29:19,461 - INFO - 24å°æ—¶æˆäº¤é‡: $43,795,461,875
2025-08-09 21:29:19,465 - ERROR - æ›´æ–°å†å²æ•°æ®CSVæ–‡ä»¶æ—¶å‡ºé”™: name 'pd' is not defined
2025-08-09 21:29:19,465 - INFO - ä»·æ ¼å’Œ mNAV æ•°æ®æ›´æ–°å®Œæˆ
2025-08-09 21:29:19,466 - INFO - 127.0.0.1 - - [09/Aug/2025 21:29:19] "POST /api/manual_update HTTP/1.1" 200 -
2025-08-09 21:29:19,476 - INFO - 127.0.0.1 - - [09/Aug/2025 21:29:19] "GET /api/data HTTP/1.1" 200 -
2025-08-09 21:29:29,198 - INFO - 127.0.0.1 - - [09/Aug/2025 21:29:29] "GET /api/data HTTP/1.1" 200 -
2025-08-09 21:41:35,360 - INFO - 127.0.0.1 - - [09/Aug/2025 21:41:35] "GET /api/data HTTP/1.1" 200 -
2025-08-09 21:41:36,461 - INFO - å¼€å§‹æ›´æ–°ä»·æ ¼å’Œ mNAV æ•°æ®...
2025-08-09 21:41:36,461 - INFO - æ­£åœ¨ä» Finnhub è·å– SBET ä»·æ ¼...
2025-08-09 21:41:37,251 - INFO - âœ“ ä» Finnhub è·å– SBET ä»·æ ¼æˆåŠŸ: $23.9200
2025-08-09 21:41:37,251 - INFO -   ä»·æ ¼å˜åŒ–: $0.5600 (2.40%)
2025-08-09 21:41:39,257 - INFO - æ­£åœ¨ä» Finnhub è·å– BMNR ä»·æ ¼...
2025-08-09 21:41:39,622 - INFO - âœ“ ä» Finnhub è·å– BMNR ä»·æ ¼æˆåŠŸ: $51.4300
2025-08-09 21:41:39,623 - INFO -   ä»·æ ¼å˜åŒ–: $10.1500 (24.59%)
2025-08-09 21:41:42,347 - INFO - ä» CoinGecko è·å– ETH ä»·æ ¼æˆåŠŸ: $4178.20
2025-08-09 21:41:42,348 - INFO - 24å°æ—¶å˜åŒ–: 6.61%
2025-08-09 21:41:42,348 - INFO - å¸‚å€¼: $504,413,115,496
2025-08-09 21:41:42,348 - INFO - 24å°æ—¶æˆäº¤é‡: $43,649,956,878
2025-08-09 21:41:42,352 - ERROR - æ›´æ–°å†å²æ•°æ®CSVæ–‡ä»¶æ—¶å‡ºé”™: name 'pd' is not defined
2025-08-09 21:41:42,352 - INFO - ä»·æ ¼å’Œ mNAV æ•°æ®æ›´æ–°å®Œæˆ
2025-08-09 21:41:42,353 - INFO - 127.0.0.1 - - [09/Aug/2025 21:41:42] "POST /api/manual_update HTTP/1.1" 200 -
2025-08-09 21:41:42,360 - INFO - 127.0.0.1 - - [09/Aug/2025 21:41:42] "GET /api/data HTTP/1.1" 200 -
2025-08-09 22:28:44,195 - INFO - æ•°æ®åº“åˆå§‹åŒ–å®Œæˆ
2025-08-09 22:28:44,198 - INFO - Adding job tentatively -- it will be properly scheduled when the scheduler starts
2025-08-09 22:28:44,198 - INFO - Added job "MNAVTracker.update_prices_and_mnav" to job store "default"
2025-08-09 22:28:44,198 - INFO - Scheduler started
2025-08-09 22:28:44,199 - INFO - å¼€å§‹æ›´æ–°ä»·æ ¼å’Œ mNAV æ•°æ®...
2025-08-09 22:28:44,199 - INFO - æ­£åœ¨ä» Finnhub è·å– SBET ä»·æ ¼...
2025-08-09 22:28:45,230 - INFO - âœ“ ä» Finnhub è·å– SBET ä»·æ ¼æˆåŠŸ: $23.9200
2025-08-09 22:28:45,230 - INFO -   ä»·æ ¼å˜åŒ–: $0.5600 (2.40%)
2025-08-09 22:28:47,235 - INFO - æ­£åœ¨ä» Finnhub è·å– BMNR ä»·æ ¼...
2025-08-09 22:28:47,855 - INFO - âœ“ ä» Finnhub è·å– BMNR ä»·æ ¼æˆåŠŸ: $51.4300
2025-08-09 22:28:47,855 - INFO -   ä»·æ ¼å˜åŒ–: $10.1500 (24.59%)
2025-08-09 22:28:50,278 - INFO - ä» CoinGecko è·å– ETH ä»·æ ¼æˆåŠŸ: $4187.34
2025-08-09 22:28:50,278 - INFO - 24å°æ—¶å˜åŒ–: 5.74%
2025-08-09 22:28:50,278 - INFO - å¸‚å€¼: $505,450,534,171
2025-08-09 22:28:50,278 - INFO - 24å°æ—¶æˆäº¤é‡: $39,543,483,015
2025-08-09 22:28:50,280 - ERROR - æ›´æ–°å†å²æ•°æ®CSVæ–‡ä»¶æ—¶å‡ºé”™: name 'pd' is not defined
2025-08-09 22:28:50,280 - INFO - ä»·æ ¼å’Œ mNAV æ•°æ®æ›´æ–°å®Œæˆ
2025-08-09 22:28:50,307 - INFO - [31m[1mWARNING: This is a development server. Do not use it in a production deployment. Use a production WSGI server instead.[0m
 * Running on all addresses (0.0.0.0)
 * Running on http://127.0.0.1:5001
 * Running on http://198.18.0.1:5001
2025-08-09 22:28:50,307 - INFO - [33mPress CTRL+C to quit[0m
2025-08-09 22:28:50,308 - INFO -  * Restarting with stat
2025-08-09 22:28:50,437 - INFO - æ•°æ®åº“åˆå§‹åŒ–å®Œæˆ
2025-08-09 22:28:50,438 - INFO - Adding job tentatively -- it will be properly scheduled when the scheduler starts
2025-08-09 22:28:50,438 - INFO - Added job "MNAVTracker.update_prices_and_mnav" to job store "default"
2025-08-09 22:28:50,438 - INFO - Scheduler started
2025-08-09 22:28:50,439 - INFO - å¼€å§‹æ›´æ–°ä»·æ ¼å’Œ mNAV æ•°æ®...
2025-08-09 22:28:50,439 - INFO - æ­£åœ¨ä» Finnhub è·å– SBET ä»·æ ¼...
2025-08-09 22:28:51,236 - INFO - âœ“ ä» Finnhub è·å– SBET ä»·æ ¼æˆåŠŸ: $23.9200
2025-08-09 22:28:51,237 - INFO -   ä»·æ ¼å˜åŒ–: $0.5600 (2.40%)
2025-08-09 22:28:53,240 - INFO - æ­£åœ¨ä» Finnhub è·å– BMNR ä»·æ ¼...
2025-08-09 22:28:53,606 - INFO - âœ“ ä» Finnhub è·å– BMNR ä»·æ ¼æˆåŠŸ: $51.4300
2025-08-09 22:28:53,606 - INFO -   ä»·æ ¼å˜åŒ–: $10.1500 (24.59%)
2025-08-09 22:28:56,048 - INFO - ä» CoinGecko è·å– ETH ä»·æ ¼æˆåŠŸ: $4187.34
2025-08-09 22:28:56,049 - INFO - 24å°æ—¶å˜åŒ–: 5.74%
2025-08-09 22:28:56,049 - INFO - å¸‚å€¼: $505,450,534,171
2025-08-09 22:28:56,049 - INFO - 24å°æ—¶æˆäº¤é‡: $39,543,483,015
2025-08-09 22:28:56,051 - ERROR - æ›´æ–°å†å²æ•°æ®CSVæ–‡ä»¶æ—¶å‡ºé”™: name 'pd' is not defined
2025-08-09 22:28:56,052 - INFO - ä»·æ ¼å’Œ mNAV æ•°æ®æ›´æ–°å®Œæˆ
2025-08-09 22:28:56,083 - WARNING -  * Debugger is active!
2025-08-09 22:28:56,092 - INFO -  * Debugger PIN: 583-003-439
2025-08-09 22:29:57,986 - INFO - 127.0.0.1 - - [09/Aug/2025 22:29:57] "GET / HTTP/1.1" 200 -
2025-08-09 22:29:58,011 - INFO - 127.0.0.1 - - [09/Aug/2025 22:29:58] "GET /static/css/style.css HTTP/1.1" 200 -
2025-08-09 22:29:58,014 - INFO - 127.0.0.1 - - [09/Aug/2025 22:29:58] "GET /static/js/main.js HTTP/1.1" 200 -
2025-08-09 22:29:58,634 - INFO - 127.0.0.1 - - [09/Aug/2025 22:29:58] "GET /api/data HTTP/1.1" 200 -
